<?xml version="1.0" encoding="UTF-8"?>
<testng-results skipped="0" failed="1" ignored="0" total="3" passed="2">
  <reporter-output>
  </reporter-output>
  <suite name="Test Cases #1" duration-ms="61185" started-at="2019-04-24T07:22:34Z" finished-at="2019-04-24T07:23:35Z">
    <groups>
    </groups>
    <test name="AccessibilityNode" duration-ms="61185" started-at="2019-04-24T07:22:34Z" finished-at="2019-04-24T07:23:35Z">
      <class name="AccessbilityTest">
        <test-method status="PASS" signature="setDriverInstance(java.lang.String, java.lang.String, java.lang.String)[pri:0, instance:AccessbilityTest@6767c1fc]" name="setDriverInstance" is-config="true" duration-ms="49635" started-at="2019-04-24T07:22:34Z" finished-at="2019-04-24T07:23:23Z">
          <params>
            <param index="0">
              <value>
                <![CDATA[AJNexus4]]>
              </value>
            </param>
            <param index="1">
              <value>
                <![CDATA[7.0]]>
              </value>
            </param>
            <param index="2">
              <value>
                <![CDATA[4723]]>
              </value>
            </param>
          </params>
          <reporter-output>
          </reporter-output>
        </test-method> <!-- setDriverInstance -->
        <test-method status="PASS" signature="mainActivity()[pri:0, instance:AccessbilityTest@6767c1fc]" name="mainActivity" duration-ms="2761" started-at="2019-04-24T07:23:23Z" finished-at="2019-04-24T07:23:26Z">
          <reporter-output>
          </reporter-output>
        </test-method> <!-- mainActivity -->
        <test-method status="PASS" signature="verifyTextOnAccessibilityNodeProvider()[pri:0, instance:AccessbilityTest@6767c1fc]" name="verifyTextOnAccessibilityNodeProvider" duration-ms="8492" started-at="2019-04-24T07:23:26Z" description="Verifying that user is able to navigate to acessibility node provider screen" finished-at="2019-04-24T07:23:35Z">
          <reporter-output>
          </reporter-output>
        </test-method> <!-- verifyTextOnAccessibilityNodeProvider -->
        <test-method status="FAIL" signature="verifyTextOnAccessibilityNodeQuery()[pri:0, instance:AccessbilityTest@6767c1fc]" name="verifyTextOnAccessibilityNodeQuery" duration-ms="175" started-at="2019-04-24T07:23:35Z" description="Verifying that user is able to navigate to acessibility node provider screen" finished-at="2019-04-24T07:23:35Z">
          <exception class="org.openqa.selenium.NoSuchElementException">
            <message>
              <![CDATA[An element could not be located on the page using the given search parameters.
For documentation on this error, please visit: https://www.seleniumhq.org/exceptions/no_such_element.html
Build info: version: '3.141.59', revision: 'e82be7d358', time: '2018-11-14T08:17:03'
System info: host: 'DSCHD-PC-CB-079', ip: '192.168.6.57', os.name: 'Windows 7', os.arch: 'amd64', os.version: '6.1', java.version: '1.8.0_201'
Driver info: io.appium.java_client.android.AndroidDriver
Capabilities {app: D:\workspace\MobileTestAppi..., appActivity: io.appium.android.apis.ApiD..., appPackage: io.appium.android.apis, appWaitActivity: io.appium.android.apis.ApiD..., appWaitPackage: io.appium.android.apis, databaseEnabled: false, desired: {app: D:\workspace\MobileTestAppi..., deviceName: AJNexus4, platformName: android, platformVersion: 7.0}, deviceManufacturer: Google, deviceModel: Android SDK built for x86, deviceName: emulator-5554, deviceScreenSize: 768x1280, deviceUDID: emulator-5554, javascriptEnabled: true, locationContextEnabled: false, networkConnectionEnabled: true, platform: LINUX, platformName: Android, platformVersion: 7.0, takesScreenshot: true, warnings: {}, webStorageEnabled: false}
Session ID: 03de7e98-169a-4775-94f8-40f2e5eeeb3b
*** Element info: {Using=accessibility id, value=Accessibility}]]>
            </message>
            <full-stacktrace>
              <![CDATA[org.openqa.selenium.NoSuchElementException: An element could not be located on the page using the given search parameters.
For documentation on this error, please visit: https://www.seleniumhq.org/exceptions/no_such_element.html
Build info: version: '3.141.59', revision: 'e82be7d358', time: '2018-11-14T08:17:03'
System info: host: 'DSCHD-PC-CB-079', ip: '192.168.6.57', os.name: 'Windows 7', os.arch: 'amd64', os.version: '6.1', java.version: '1.8.0_201'
Driver info: io.appium.java_client.android.AndroidDriver
Capabilities {app: D:\workspace\MobileTestAppi..., appActivity: io.appium.android.apis.ApiD..., appPackage: io.appium.android.apis, appWaitActivity: io.appium.android.apis.ApiD..., appWaitPackage: io.appium.android.apis, databaseEnabled: false, desired: {app: D:\workspace\MobileTestAppi..., deviceName: AJNexus4, platformName: android, platformVersion: 7.0}, deviceManufacturer: Google, deviceModel: Android SDK built for x86, deviceName: emulator-5554, deviceScreenSize: 768x1280, deviceUDID: emulator-5554, javascriptEnabled: true, locationContextEnabled: false, networkConnectionEnabled: true, platform: LINUX, platformName: Android, platformVersion: 7.0, takesScreenshot: true, warnings: {}, webStorageEnabled: false}
Session ID: 03de7e98-169a-4775-94f8-40f2e5eeeb3b
*** Element info: {Using=accessibility id, value=Accessibility}
at sun.reflect.NativeConstructorAccessorImpl.newInstance0(Native Method)
at sun.reflect.NativeConstructorAccessorImpl.newInstance(NativeConstructorAccessorImpl.java:62)
at sun.reflect.DelegatingConstructorAccessorImpl.newInstance(DelegatingConstructorAccessorImpl.java:45)
at java.lang.reflect.Constructor.newInstance(Constructor.java:423)
at org.openqa.selenium.remote.http.W3CHttpResponseCodec.createException(W3CHttpResponseCodec.java:187)
at org.openqa.selenium.remote.http.W3CHttpResponseCodec.decode(W3CHttpResponseCodec.java:122)
at org.openqa.selenium.remote.http.W3CHttpResponseCodec.decode(W3CHttpResponseCodec.java:49)
at org.openqa.selenium.remote.HttpCommandExecutor.execute(HttpCommandExecutor.java:158)
at io.appium.java_client.remote.AppiumCommandExecutor.execute(AppiumCommandExecutor.java:231)
at org.openqa.selenium.remote.RemoteWebDriver.execute(RemoteWebDriver.java:552)
at io.appium.java_client.DefaultGenericMobileDriver.execute(DefaultGenericMobileDriver.java:42)
at io.appium.java_client.AppiumDriver.execute(AppiumDriver.java:1)
at io.appium.java_client.android.AndroidDriver.execute(AndroidDriver.java:1)
at org.openqa.selenium.remote.RemoteWebDriver.findElement(RemoteWebDriver.java:323)
at io.appium.java_client.DefaultGenericMobileDriver.findElement(DefaultGenericMobileDriver.java:62)
at io.appium.java_client.AppiumDriver.findElement(AppiumDriver.java:1)
at io.appium.java_client.android.AndroidDriver.findElement(AndroidDriver.java:1)
at io.appium.java_client.FindsByAccessibilityId.findElementByAccessibilityId(FindsByAccessibilityId.java:37)
at AccessbilityTest.verifyTextOnAccessibilityNodeQuery(AccessbilityTest.java:20)
at sun.reflect.NativeMethodAccessorImpl.invoke0(Native Method)
at sun.reflect.NativeMethodAccessorImpl.invoke(NativeMethodAccessorImpl.java:62)
at sun.reflect.DelegatingMethodAccessorImpl.invoke(DelegatingMethodAccessorImpl.java:43)
at java.lang.reflect.Method.invoke(Method.java:498)
at org.testng.internal.MethodInvocationHelper.invokeMethod(MethodInvocationHelper.java:124)
at org.testng.internal.Invoker.invokeMethod(Invoker.java:583)
at org.testng.internal.Invoker.invokeTestMethod(Invoker.java:719)
at org.testng.internal.Invoker.invokeTestMethods(Invoker.java:989)
at org.testng.internal.TestMethodWorker.invokeTestMethods(TestMethodWorker.java:125)
at org.testng.internal.TestMethodWorker.run(TestMethodWorker.java:109)
at org.testng.TestRunner.privateRun(TestRunner.java:648)
at org.testng.TestRunner.run(TestRunner.java:505)
at org.testng.SuiteRunner.runTest(SuiteRunner.java:455)
at org.testng.SuiteRunner.access$000(SuiteRunner.java:40)
at org.testng.SuiteRunner$SuiteWorker.run(SuiteRunner.java:489)
at org.testng.internal.thread.ThreadUtil$1.call(ThreadUtil.java:52)
at java.util.concurrent.FutureTask.run(FutureTask.java:266)
at java.util.concurrent.ThreadPoolExecutor.runWorker(ThreadPoolExecutor.java:1149)
at java.util.concurrent.ThreadPoolExecutor$Worker.run(ThreadPoolExecutor.java:624)
at java.lang.Thread.run(Thread.java:748)
]]>
            </full-stacktrace>
          </exception> <!-- org.openqa.selenium.NoSuchElementException -->
          <reporter-output>
          </reporter-output>
        </test-method> <!-- verifyTextOnAccessibilityNodeQuery -->
      </class> <!-- AccessbilityTest -->
    </test> <!-- AccessibilityNode -->
  </suite> <!-- Test Cases #1 -->
</testng-results>
