<?xml version="1.0" encoding="UTF-8"?>
<testng-results skipped="0" failed="1" total="3" passed="2">
  <reporter-output>
  </reporter-output>
  <suite name="Test Cases #1" duration-ms="31290" started-at="2019-04-24T06:02:54Z" finished-at="2019-04-24T06:03:26Z">
    <groups>
    </groups>
    <test name="AccessibilityNode" duration-ms="31290" started-at="2019-04-24T06:02:54Z" finished-at="2019-04-24T06:03:26Z">
      <class name="com.uiauto.MobileTestAppium.AccessbilityTest">
        <test-method status="PASS" signature="setDriverInstance(java.lang.String, java.lang.String, java.lang.String)[pri:0, instance:com.uiauto.MobileTestAppium.AccessbilityTest@6e06451e]" name="setDriverInstance" is-config="true" duration-ms="19685" started-at="2019-04-24T11:32:54Z" finished-at="2019-04-24T11:33:14Z">
          <params>
            <param index="0">
              <value>
                <![CDATA[AJNexus4]]>
              </value>
            </param>
            <param index="1">
              <value>
                <![CDATA[7.0]]>
              </value>
            </param>
            <param index="2">
              <value>
                <![CDATA[4723]]>
              </value>
            </param>
          </params>
          <reporter-output>
          </reporter-output>
        </test-method> <!-- setDriverInstance -->
        <test-method status="PASS" signature="mainActivity()[pri:0, instance:com.uiauto.MobileTestAppium.AccessbilityTest@6e06451e]" name="mainActivity" duration-ms="1904" started-at="2019-04-24T11:33:14Z" finished-at="2019-04-24T11:33:16Z">
          <reporter-output>
          </reporter-output>
        </test-method> <!-- mainActivity -->
        <test-method status="PASS" signature="verifyTextOnAccessibilityNodeProvider()[pri:0, instance:com.uiauto.MobileTestAppium.AccessbilityTest@6e06451e]" name="verifyTextOnAccessibilityNodeProvider" duration-ms="9577" started-at="2019-04-24T11:33:16Z" description="Verifying that user is able to navigate to acessibility node provider screen" finished-at="2019-04-24T11:33:26Z">
          <reporter-output>
          </reporter-output>
        </test-method> <!-- verifyTextOnAccessibilityNodeProvider -->
        <test-method status="FAIL" signature="verifyTextOnAccessibilityNodeQuery()[pri:0, instance:com.uiauto.MobileTestAppium.AccessbilityTest@6e06451e]" name="verifyTextOnAccessibilityNodeQuery" duration-ms="106" started-at="2019-04-24T11:33:26Z" description="Verifying that user is able to navigate to acessibility node provider screen" finished-at="2019-04-24T11:33:26Z">
          <exception class="org.openqa.selenium.NoSuchElementException">
            <message>
              <![CDATA[An element could not be located on the page using the given search parameters.
For documentation on this error, please visit: https://www.seleniumhq.org/exceptions/no_such_element.html
Build info: version: '3.141.59', revision: 'e82be7d358', time: '2018-11-14T08:17:03'
System info: host: 'DSCHD-PC-CB-079', ip: '192.168.6.57', os.name: 'Windows 7', os.arch: 'amd64', os.version: '6.1', java.version: '1.8.0_201'
Driver info: io.appium.java_client.android.AndroidDriver
Capabilities {app: D:\workspace\MobileTestAppi..., appActivity: io.appium.android.apis.ApiD..., appPackage: io.appium.android.apis, appWaitActivity: io.appium.android.apis.ApiD..., appWaitPackage: io.appium.android.apis, databaseEnabled: false, desired: {app: D:\workspace\MobileTestAppi..., deviceName: AJNexus4, platformName: android, platformVersion: 7.0}, deviceManufacturer: Google, deviceModel: Android SDK built for x86, deviceName: emulator-5554, deviceScreenSize: 768x1280, deviceUDID: emulator-5554, javascriptEnabled: true, locationContextEnabled: false, networkConnectionEnabled: true, platform: LINUX, platformName: Android, platformVersion: 7.0, takesScreenshot: true, warnings: {}, webStorageEnabled: false}
Session ID: b2a431b6-e501-49d5-9132-641411f07813
*** Element info: {Using=accessibility id, value=Accessibility}]]>
            </message>
            <full-stacktrace>
              <![CDATA[org.openqa.selenium.NoSuchElementException: An element could not be located on the page using the given search parameters.
For documentation on this error, please visit: https://www.seleniumhq.org/exceptions/no_such_element.html
Build info: version: '3.141.59', revision: 'e82be7d358', time: '2018-11-14T08:17:03'
System info: host: 'DSCHD-PC-CB-079', ip: '192.168.6.57', os.name: 'Windows 7', os.arch: 'amd64', os.version: '6.1', java.version: '1.8.0_201'
Driver info: io.appium.java_client.android.AndroidDriver
Capabilities {app: D:\workspace\MobileTestAppi..., appActivity: io.appium.android.apis.ApiD..., appPackage: io.appium.android.apis, appWaitActivity: io.appium.android.apis.ApiD..., appWaitPackage: io.appium.android.apis, databaseEnabled: false, desired: {app: D:\workspace\MobileTestAppi..., deviceName: AJNexus4, platformName: android, platformVersion: 7.0}, deviceManufacturer: Google, deviceModel: Android SDK built for x86, deviceName: emulator-5554, deviceScreenSize: 768x1280, deviceUDID: emulator-5554, javascriptEnabled: true, locationContextEnabled: false, networkConnectionEnabled: true, platform: LINUX, platformName: Android, platformVersion: 7.0, takesScreenshot: true, warnings: {}, webStorageEnabled: false}
Session ID: b2a431b6-e501-49d5-9132-641411f07813
*** Element info: {Using=accessibility id, value=Accessibility}
	at sun.reflect.NativeConstructorAccessorImpl.newInstance0(Native Method)
	at sun.reflect.NativeConstructorAccessorImpl.newInstance(Unknown Source)
	at sun.reflect.DelegatingConstructorAccessorImpl.newInstance(Unknown Source)
	at java.lang.reflect.Constructor.newInstance(Unknown Source)
	at org.openqa.selenium.remote.http.W3CHttpResponseCodec.createException(W3CHttpResponseCodec.java:187)
	at org.openqa.selenium.remote.http.W3CHttpResponseCodec.decode(W3CHttpResponseCodec.java:122)
	at org.openqa.selenium.remote.http.W3CHttpResponseCodec.decode(W3CHttpResponseCodec.java:49)
	at org.openqa.selenium.remote.HttpCommandExecutor.execute(HttpCommandExecutor.java:158)
	at io.appium.java_client.remote.AppiumCommandExecutor.execute(AppiumCommandExecutor.java:231)
	at org.openqa.selenium.remote.RemoteWebDriver.execute(RemoteWebDriver.java:552)
	at io.appium.java_client.DefaultGenericMobileDriver.execute(DefaultGenericMobileDriver.java:42)
	at io.appium.java_client.AppiumDriver.execute(AppiumDriver.java:1)
	at io.appium.java_client.android.AndroidDriver.execute(AndroidDriver.java:1)
	at org.openqa.selenium.remote.RemoteWebDriver.findElement(RemoteWebDriver.java:323)
	at io.appium.java_client.DefaultGenericMobileDriver.findElement(DefaultGenericMobileDriver.java:62)
	at io.appium.java_client.AppiumDriver.findElement(AppiumDriver.java:1)
	at io.appium.java_client.android.AndroidDriver.findElement(AndroidDriver.java:1)
	at io.appium.java_client.FindsByAccessibilityId.findElementByAccessibilityId(FindsByAccessibilityId.java:37)
	at com.uiauto.MobileTestAppium.AccessbilityTest.verifyTextOnAccessibilityNodeQuery(AccessbilityTest.java:22)
	at sun.reflect.NativeMethodAccessorImpl.invoke0(Native Method)
	at sun.reflect.NativeMethodAccessorImpl.invoke(Unknown Source)
	at sun.reflect.DelegatingMethodAccessorImpl.invoke(Unknown Source)
	at java.lang.reflect.Method.invoke(Unknown Source)
	at org.testng.internal.MethodInvocationHelper.invokeMethod(MethodInvocationHelper.java:80)
	at org.testng.internal.Invoker.invokeMethod(Invoker.java:714)
	at org.testng.internal.Invoker.invokeTestMethod(Invoker.java:901)
	at org.testng.internal.Invoker.invokeTestMethods(Invoker.java:1231)
	at org.testng.internal.TestMethodWorker.invokeTestMethods(TestMethodWorker.java:127)
	at org.testng.internal.TestMethodWorker.run(TestMethodWorker.java:111)
	at org.testng.TestRunner.privateRun(TestRunner.java:767)
	at org.testng.TestRunner.run(TestRunner.java:617)
	at org.testng.SuiteRunner.runTest(SuiteRunner.java:334)
	at org.testng.SuiteRunner.access$000(SuiteRunner.java:37)
	at org.testng.SuiteRunner$SuiteWorker.run(SuiteRunner.java:368)
	at org.testng.internal.thread.ThreadUtil$2.call(ThreadUtil.java:64)
	at java.util.concurrent.FutureTask.run(Unknown Source)
	at java.util.concurrent.ThreadPoolExecutor.runWorker(Unknown Source)
	at java.util.concurrent.ThreadPoolExecutor$Worker.run(Unknown Source)
	at java.lang.Thread.run(Unknown Source)
]]>
            </full-stacktrace>
          </exception> <!-- org.openqa.selenium.NoSuchElementException -->
          <reporter-output>
          </reporter-output>
        </test-method> <!-- verifyTextOnAccessibilityNodeQuery -->
      </class> <!-- com.uiauto.MobileTestAppium.AccessbilityTest -->
    </test> <!-- AccessibilityNode -->
  </suite> <!-- Test Cases #1 -->
</testng-results>
